FinalProject/app/build/outputs/logs/manifest-merger-debug-report.txt
-- Merging decision tree log ---
manifest
ADDED from src\main\AndroidManifest.xml:2:1-37:12
	package
		ADDED from src\main\AndroidManifest.xml:3:5-40
		INJECTED from src\main\AndroidManifest.xml
		INJECTED from src\main\AndroidManifest.xml
	android:versionName
		INJECTED from src\main\AndroidManifest.xml
		INJECTED from src\main\AndroidManifest.xml
	xmlns:android
		ADDED from src\main\AndroidManifest.xml:2:11-69
	android:versionCode
		INJECTED from src\main\AndroidManifest.xml
		INJECTED from src\main\AndroidManifest.xml
uses-permission#android.permission.INTERNET
ADDED from src\main\AndroidManifest.xml:5:5-67
	android:name
		ADDED from src\main\AndroidManifest.xml:5:22-64
uses-permission#android.permission.WRITE_EXTERNAL_STORAGE
ADDED from src\main\AndroidManifest.xml:6:5-81
	android:name
		ADDED from src\main\AndroidManifest.xml:6:22-78
uses-permission#android.permission.READ_EXTERNAL_STORAGE
ADDED from src\main\AndroidManifest.xml:7:5-80
	android:name
		ADDED from src\main\AndroidManifest.xml:7:22-77
uses-permission#android.permission.CAMERA
ADDED from src\main\AndroidManifest.xml:8:5-65
	android:name
		ADDED from src\main\AndroidManifest.xml:8:22-62
application
ADDED from src\main\AndroidManifest.xml:10:5-35:19
MERGED from [com.android.support.constraint:constraint-layout:1.0.2] AndroidManifest.xml:9:5-20
MERGED from [com.android.support:design:25.3.1] AndroidManifest.xml:29:5-20
MERGED from [com.android.support:appcompat-v7:25.3.1] AndroidManifest.xml:29:5-20
MERGED from [com.android.support:animated-vector-drawable:25.3.1] AndroidManifest.xml:26:5-20
MERGED from [com.android.support:support-vector-drawable:25.3.1] AndroidManifest.xml:26:5-20
MERGED from [com.android.support:transition:25.3.1] AndroidManifest.xml:26:5-20
MERGED from [com.android.support:support-v4:25.3.1] AndroidManifest.xml:29:5-20
MERGED from [com.android.support:support-fragment:25.3.1] AndroidManifest.xml:29:5-20
MERGED from [com.android.support:support-media-compat:25.3.1] AndroidManifest.xml:29:5-20
MERGED from [com.android.support:support-core-utils:25.3.1] AndroidManifest.xml:29:5-20
MERGED from [com.android.support:cardview-v7:25.3.1] AndroidManifest.xml:26:5-20
MERGED from [com.android.support:support-core-ui:25.3.1] AndroidManifest.xml:29:5-20
MERGED from [com.android.support:support-compat:25.3.1] AndroidManifest.xml:29:5-20
	android:label
		ADDED from src\main\AndroidManifest.xml:13:9-41
	android:supportsRtl
		ADDED from src\main\AndroidManifest.xml:15:9-35
	android:roundIcon
		ADDED from src\main\AndroidManifest.xml:14:9-43
	android:allowBackup
		ADDED from src\main\AndroidManifest.xml:11:9-35
	android:icon
		ADDED from src\main\AndroidManifest.xml:12:9-38
	android:theme
		ADDED from src\main\AndroidManifest.xml:16:9-40
activity#com.example.chungyu.topic.Welcome
ADDED from src\main\AndroidManifest.xml:17:9-23:20
	android:name
		ADDED from src\main\AndroidManifest.xml:17:19-42
intent-filter#android.intent.action.MAIN+android.intent.category.LAUNCHER
ADDED from src\main\AndroidManifest.xml:18:13-22:29
action#android.intent.action.MAIN
ADDED from src\main\AndroidManifest.xml:19:17-69
	android:name
		ADDED from src\main\AndroidManifest.xml:19:25-66
category#android.intent.category.LAUNCHER
ADDED from src\main\AndroidManifest.xml:21:17-77
	android:name
		ADDED from src\main\AndroidManifest.xml:21:27-74
activity#com.example.chungyu.topic.Sign_or_resign
ADDED from src\main\AndroidManifest.xml:24:9-52
	android:name
		ADDED from src\main\AndroidManifest.xml:24:19-49
activity#com.example.chungyu.topic.Home
ADDED from src\main\AndroidManifest.xml:25:9-27:57
	android:windowSoftInputMode
		ADDED from src\main\AndroidManifest.xml:27:13-54
	android:name
		ADDED from src\main\AndroidManifest.xml:26:13-33
activity#com.example.chungyu.topic.Upload
ADDED from src\main\AndroidManifest.xml:28:9-44
	android:name
		ADDED from src\main\AndroidManifest.xml:28:19-41
activity#com.example.chungyu.topic.Camera
ADDED from src\main\AndroidManifest.xml:29:9-44
	android:name
		ADDED from src\main\AndroidManifest.xml:29:19-41
activity#com.example.chungyu.topic.ImagePage
ADDED from src\main\AndroidManifest.xml:30:9-47
	android:name
		ADDED from src\main\AndroidManifest.xml:30:19-44
activity#com.example.chungyu.topic.FullImage
ADDED from src\main\AndroidManifest.xml:31:9-47
	android:name
		ADDED from src\main\AndroidManifest.xml:31:19-44
activity#com.example.chungyu.topic.LableActivity
ADDED from src\main\AndroidManifest.xml:32:9-34:56
	android:windowSoftInputMode
		ADDED from src\main\AndroidManifest.xml:34:13-54
	android:name
		ADDED from src\main\AndroidManifest.xml:33:13-42
uses-sdk
INJECTED from src\main\AndroidManifest.xml reason: use-sdk injection requested
MERGED from [com.android.support.constraint:constraint-layout:1.0.2] AndroidManifest.xml:5:5-7:41
MERGED from [com.android.support:design:25.3.1] AndroidManifest.xml:21:5-23:62
MERGED from [com.android.support:appcompat-v7:25.3.1] AndroidManifest.xml:21:5-23:78
MERGED from [com.android.support:animated-vector-drawable:25.3.1] AndroidManifest.xml:20:5-44
MERGED from [com.android.support:support-vector-drawable:25.3.1] AndroidManifest.xml:20:5-43
MERGED from [com.android.support:transition:25.3.1] AndroidManifest.xml:20:5-44
MERGED from [com.android.support:support-v4:25.3.1] AndroidManifest.xml:21:5-23:54
MERGED from [com.android.support:support-fragment:25.3.1] AndroidManifest.xml:21:5-23:60
MERGED from [com.android.support:support-media-compat:25.3.1] AndroidManifest.xml:21:5-23:63
MERGED from [com.android.support:support-core-utils:25.3.1] AndroidManifest.xml:21:5-23:61
MERGED from [com.android.support:cardview-v7:25.3.1] AndroidManifest.xml:20:5-43
MERGED from [com.android.support:recyclerview-v7:25.3.1] AndroidManifest.xml:20:5-43
MERGED from [com.android.support:support-core-ui:25.3.1] AndroidManifest.xml:21:5-23:58
MERGED from [com.android.support:support-compat:25.3.1] AndroidManifest.xml:21:5-23:58
	tools:overrideLibrary
		ADDED from [com.android.support:design:25.3.1] AndroidManifest.xml:23:9-59
	android:targetSdkVersion
		INJECTED from src\main\AndroidManifest.xml
		INJECTED from src\main\AndroidManifest.xml
	android:minSdkVersion
		INJECTED from src\main\AndroidManifest.xml
		INJECTED from src\main\AndroidManifest.xml
meta-data#android.support.VERSION
ADDED from [com.android.support:design:25.3.1] AndroidManifest.xml:25:5-27:34
MERGED from [com.android.support:appcompat-v7:25.3.1] AndroidManifest.xml:25:5-27:34
MERGED from [com.android.support:animated-vector-drawable:25.3.1] AndroidManifest.xml:22:5-24:34
MERGED from [com.android.support:support-vector-drawable:25.3.1] AndroidManifest.xml:22:5-24:34
MERGED from [com.android.support:transition:25.3.1] AndroidManifest.xml:22:5-24:34
MERGED from [com.android.support:support-v4:25.3.1] AndroidManifest.xml:25:5-27:34
MERGED from [com.android.support:support-fragment:25.3.1] AndroidManifest.xml:25:5-27:34
MERGED from [com.android.support:support-media-compat:25.3.1] AndroidManifest.xml:25:5-27:34
MERGED from [com.android.support:support-core-utils:25.3.1] AndroidManifest.xml:25:5-27:34
MERGED from [com.android.support:cardview-v7:25.3.1] AndroidManifest.xml:22:5-24:34
MERGED from [com.android.support:recyclerview-v7:25.3.1] AndroidManifest.xml:22:5-24:34
MERGED from [com.android.support:support-core-ui:25.3.1] AndroidManifest.xml:25:5-27:34
MERGED from [com.android.support:support-compat:25.3.1] AndroidManifest.xml:25:5-27:34
	android:value
		ADDED from [com.android.support:design:25.3.1] AndroidManifest.xml:27:9-31
	android:name
		ADDED from [com.android.support:design:25.3.1] AndroidManifest.xml:26:9-47